[0.008s] Invoking command in '/home/hs-coburg.de/shi7124s/sterilink_ws/src/ros2_laser_scan_matcher/build/ros2_laser_scan_matcher': CMAKE_PREFIX_PATH=/opt/ros/humble /usr/bin/cmake /home/hs-coburg.de/shi7124s/sterilink_ws/src/ros2_laser_scan_matcher -DAMENT_CMAKE_SYMLINK_INSTALL=1 -DCMAKE_INSTALL_PREFIX=/home/hs-coburg.de/shi7124s/sterilink_ws/src/ros2_laser_scan_matcher/install/ros2_laser_scan_matcher
[0.062s] -- The C compiler identification is GNU 11.4.0
[0.115s] -- The CXX compiler identification is GNU 11.4.0
[0.123s] -- Detecting C compiler ABI info
[0.185s] -- Detecting C compiler ABI info - done
[0.192s] -- Check for working C compiler: /usr/bin/cc - skipped
[0.193s] -- Detecting C compile features
[0.194s] -- Detecting C compile features - done
[0.196s] -- Detecting CXX compiler ABI info
[0.271s] -- Detecting CXX compiler ABI info - done
[0.278s] -- Check for working CXX compiler: /usr/bin/c++ - skipped
[0.279s] -- Detecting CXX compile features
[0.279s] -- Detecting CXX compile features - done
[0.285s] -- Found ament_cmake: 1.3.14 (/opt/ros/humble/share/ament_cmake/cmake)
[0.429s] -- Found Python3: /usr/bin/python3 (found version "3.10.12") found components: Interpreter 
[0.490s] -- Override CMake install command with custom implementation using symlinks instead of copying resources
[0.537s] -- Found sensor_msgs: 4.9.1 (/opt/ros/humble/share/sensor_msgs/cmake)
[0.583s] -- Found rosidl_generator_c: 3.1.8 (/opt/ros/humble/share/rosidl_generator_c/cmake)
[0.587s] -- Found rosidl_adapter: 3.1.8 (/opt/ros/humble/share/rosidl_adapter/cmake)
[0.595s] -- Found rosidl_generator_cpp: 3.1.8 (/opt/ros/humble/share/rosidl_generator_cpp/cmake)
[0.607s] -- Using all available rosidl_typesupport_c: rosidl_typesupport_fastrtps_c;rosidl_typesupport_introspection_c
[0.622s] -- Using all available rosidl_typesupport_cpp: rosidl_typesupport_fastrtps_cpp;rosidl_typesupport_introspection_cpp
[0.680s] -- Found rclcpp: 16.0.19 (/opt/ros/humble/share/rclcpp/cmake)
[0.715s] -- Found rmw_implementation_cmake: 6.1.2 (/opt/ros/humble/share/rmw_implementation_cmake/cmake)
[0.717s] -- Found rmw_fastrtps_cpp: 6.2.10 (/opt/ros/humble/share/rmw_fastrtps_cpp/cmake)
[0.794s] -- Found OpenSSL: /usr/lib/x86_64-linux-gnu/libcrypto.so (found version "3.0.2")  
[0.823s] -- Found FastRTPS: /opt/ros/humble/include  
[0.864s] -- Using RMW implementation 'rmw_fastrtps_cpp' as default
[0.873s] -- Looking for pthread.h
[0.945s] -- Looking for pthread.h - found
[0.945s] -- Performing Test CMAKE_HAVE_LIBC_PTHREAD
[1.011s] -- Performing Test CMAKE_HAVE_LIBC_PTHREAD - Success
[1.012s] -- Found Threads: TRUE  
[1.056s] -- Found nav_msgs: 4.9.1 (/opt/ros/humble/share/nav_msgs/cmake)
[1.076s] -- Found tf2_ros: 0.25.20 (/opt/ros/humble/share/tf2_ros/cmake)
[1.175s] -- Found tf2_geometry_msgs: 0.25.20 (/opt/ros/humble/share/tf2_geometry_msgs/cmake)
[1.188s] -- Found eigen3_cmake_module: 0.1.1 (/opt/ros/humble/share/eigen3_cmake_module/cmake)
[1.189s] -- Found Eigen3: TRUE (found version "3.4.0") 
[1.189s] -- Ensuring Eigen3 include directory is part of orocos-kdl CMake target
[1.193s] -- Found PkgConfig: /usr/bin/pkg-config (found version "0.29.2") 
[1.203s] [31mCMake Error at CMakeLists.txt:14 (find_package):
[1.204s]   By not providing "Findcsm.cmake" in CMAKE_MODULE_PATH this project has
[1.204s]   asked CMake to find a package configuration file provided by "csm", but
[1.204s]   CMake did not find one.
[1.204s] 
[1.204s]   Could not find a package configuration file provided by "csm" with any of
[1.204s]   the following names:
[1.204s] 
[1.204s]     csmConfig.cmake
[1.204s]     csm-config.cmake
[1.204s] 
[1.204s]   Add the installation prefix of "csm" to CMAKE_PREFIX_PATH or set "csm_DIR"
[1.204s]   to a directory containing one of the above files.  If "csm" provides a
[1.204s]   separate development package or SDK, be sure it has been installed.
[1.204s] 
[1.204s] [0m
[1.204s] -- Configuring incomplete, errors occurred!
[1.204s] See also "/home/hs-coburg.de/shi7124s/sterilink_ws/src/ros2_laser_scan_matcher/build/ros2_laser_scan_matcher/CMakeFiles/CMakeOutput.log".
[1.214s] Invoked command in '/home/hs-coburg.de/shi7124s/sterilink_ws/src/ros2_laser_scan_matcher/build/ros2_laser_scan_matcher' returned '1': CMAKE_PREFIX_PATH=/opt/ros/humble /usr/bin/cmake /home/hs-coburg.de/shi7124s/sterilink_ws/src/ros2_laser_scan_matcher -DAMENT_CMAKE_SYMLINK_INSTALL=1 -DCMAKE_INSTALL_PREFIX=/home/hs-coburg.de/shi7124s/sterilink_ws/src/ros2_laser_scan_matcher/install/ros2_laser_scan_matcher
