[0.102s] DEBUG:colcon:Command line arguments: ['/usr/bin/colcon', 'build', '--symlink-install']
[0.102s] DEBUG:colcon:Parsed command line arguments: Namespace(log_base=None, log_level=None, verb_name='build', build_base='build', install_base='install', merge_install=False, symlink_install=True, test_result_base=None, continue_on_error=False, executor='parallel', parallel_workers=8, event_handlers=None, ignore_user_meta=False, metas=['./colcon.meta'], base_paths=['.'], packages_ignore=None, packages_ignore_regex=None, paths=None, packages_up_to=None, packages_up_to_regex=None, packages_above=None, packages_above_and_dependencies=None, packages_above_depth=None, packages_select_by_dep=None, packages_skip_by_dep=None, packages_skip_up_to=None, packages_select_build_failed=False, packages_skip_build_finished=False, packages_select_test_failures=False, packages_skip_test_passed=False, packages_select=None, packages_skip=None, packages_select_regex=None, packages_skip_regex=None, packages_start=None, packages_end=None, allow_overriding=[], cmake_args=None, cmake_target=None, cmake_target_skip_unavailable=False, cmake_clean_cache=False, cmake_clean_first=False, cmake_force_configure=False, ament_cmake_args=None, catkin_cmake_args=None, catkin_skip_building_tests=False, verb_parser=<colcon_defaults.argument_parser.defaults.DefaultArgumentsDecorator object at 0x7c9d6f9898d0>, verb_extension=<colcon_core.verb.build.BuildVerb object at 0x7c9d6fa7b460>, main=<bound method BuildVerb.main of <colcon_core.verb.build.BuildVerb object at 0x7c9d6fa7b460>>)
[0.281s] Level 1:colcon.colcon_core.package_discovery:discover_packages(colcon_meta) check parameters
[0.281s] Level 1:colcon.colcon_core.package_discovery:discover_packages(recursive) check parameters
[0.281s] Level 1:colcon.colcon_core.package_discovery:discover_packages(ignore) check parameters
[0.281s] Level 1:colcon.colcon_core.package_discovery:discover_packages(path) check parameters
[0.281s] Level 1:colcon.colcon_core.package_discovery:discover_packages(colcon_meta) discover
[0.281s] Level 1:colcon.colcon_core.package_discovery:discover_packages(recursive) discover
[0.281s] INFO:colcon.colcon_core.package_discovery:Crawling recursively for packages in '/home/hs-coburg.de/shi7124s/sterilink_ws/src/ros2_laser_scan_matcher'
[0.281s] Level 1:colcon.colcon_core.package_identification:_identify(.) by extensions ['ignore', 'ignore_ament_install']
[0.282s] Level 1:colcon.colcon_core.package_identification:_identify(.) by extension 'ignore'
[0.282s] Level 1:colcon.colcon_core.package_identification:_identify(.) by extension 'ignore_ament_install'
[0.282s] Level 1:colcon.colcon_core.package_identification:_identify(.) by extensions ['colcon_pkg']
[0.282s] Level 1:colcon.colcon_core.package_identification:_identify(.) by extension 'colcon_pkg'
[0.282s] Level 1:colcon.colcon_core.package_identification:_identify(.) by extensions ['colcon_meta']
[0.282s] Level 1:colcon.colcon_core.package_identification:_identify(.) by extension 'colcon_meta'
[0.282s] Level 1:colcon.colcon_core.package_identification:_identify(.) by extensions ['ros']
[0.282s] Level 1:colcon.colcon_core.package_identification:_identify(.) by extension 'ros'
[0.304s] DEBUG:colcon.colcon_core.package_identification:Package '.' with type 'ros.ament_cmake' and name 'ros2_laser_scan_matcher'
[0.304s] Level 1:colcon.colcon_core.package_discovery:discover_packages(recursive) using defaults
[0.304s] Level 1:colcon.colcon_core.package_discovery:discover_packages(ignore) discover
[0.304s] Level 1:colcon.colcon_core.package_discovery:discover_packages(ignore) using defaults
[0.304s] Level 1:colcon.colcon_core.package_discovery:discover_packages(path) discover
[0.304s] Level 1:colcon.colcon_core.package_discovery:discover_packages(path) using defaults
[0.324s] Level 1:colcon.colcon_core.package_discovery:discover_packages(prefix_path) check parameters
[0.324s] Level 1:colcon.colcon_core.package_discovery:discover_packages(prefix_path) discover
[0.326s] DEBUG:colcon.colcon_installed_package_information.package_discovery:Found 0 installed packages in /home/hs-coburg.de/shi7124s/Desktop/Sterilink/ros2_ws/install
[0.327s] DEBUG:colcon.colcon_installed_package_information.package_discovery:Found 405 installed packages in /opt/ros/humble
[0.329s] Level 1:colcon.colcon_core.package_discovery:discover_packages(prefix_path) using defaults
[0.378s] Level 5:colcon.colcon_core.verb:set package 'ros2_laser_scan_matcher' build argument 'cmake_args' from command line to 'None'
[0.378s] Level 5:colcon.colcon_core.verb:set package 'ros2_laser_scan_matcher' build argument 'cmake_target' from command line to 'None'
[0.378s] Level 5:colcon.colcon_core.verb:set package 'ros2_laser_scan_matcher' build argument 'cmake_target_skip_unavailable' from command line to 'False'
[0.378s] Level 5:colcon.colcon_core.verb:set package 'ros2_laser_scan_matcher' build argument 'cmake_clean_cache' from command line to 'False'
[0.378s] Level 5:colcon.colcon_core.verb:set package 'ros2_laser_scan_matcher' build argument 'cmake_clean_first' from command line to 'False'
[0.378s] Level 5:colcon.colcon_core.verb:set package 'ros2_laser_scan_matcher' build argument 'cmake_force_configure' from command line to 'False'
[0.378s] Level 5:colcon.colcon_core.verb:set package 'ros2_laser_scan_matcher' build argument 'ament_cmake_args' from command line to 'None'
[0.378s] Level 5:colcon.colcon_core.verb:set package 'ros2_laser_scan_matcher' build argument 'catkin_cmake_args' from command line to 'None'
[0.378s] Level 5:colcon.colcon_core.verb:set package 'ros2_laser_scan_matcher' build argument 'catkin_skip_building_tests' from command line to 'False'
[0.378s] DEBUG:colcon.colcon_core.verb:Building package 'ros2_laser_scan_matcher' with the following arguments: {'ament_cmake_args': None, 'build_base': '/home/hs-coburg.de/shi7124s/sterilink_ws/src/ros2_laser_scan_matcher/build/ros2_laser_scan_matcher', 'catkin_cmake_args': None, 'catkin_skip_building_tests': False, 'cmake_args': None, 'cmake_clean_cache': False, 'cmake_clean_first': False, 'cmake_force_configure': False, 'cmake_target': None, 'cmake_target_skip_unavailable': False, 'install_base': '/home/hs-coburg.de/shi7124s/sterilink_ws/src/ros2_laser_scan_matcher/install/ros2_laser_scan_matcher', 'merge_install': False, 'path': '/home/hs-coburg.de/shi7124s/sterilink_ws/src/ros2_laser_scan_matcher', 'symlink_install': True, 'test_result_base': None}
[0.378s] INFO:colcon.colcon_core.executor:Executing jobs using 'parallel' executor
[0.379s] DEBUG:colcon.colcon_parallel_executor.executor.parallel:run_until_complete
[0.379s] INFO:colcon.colcon_ros.task.ament_cmake.build:Building ROS package in '/home/hs-coburg.de/shi7124s/sterilink_ws/src/ros2_laser_scan_matcher' with build type 'ament_cmake'
[0.379s] INFO:colcon.colcon_cmake.task.cmake.build:Building CMake package in '/home/hs-coburg.de/shi7124s/sterilink_ws/src/ros2_laser_scan_matcher'
[0.381s] INFO:colcon.colcon_core.plugin_system:Skipping extension 'colcon_core.shell.bat': Not used on non-Windows systems
[0.381s] INFO:colcon.colcon_core.shell:Skip shell extension 'powershell' for command environment: Not usable outside of PowerShell
[0.381s] DEBUG:colcon.colcon_core.shell:Skip shell extension 'dsv' for command environment
[0.388s] DEBUG:colcon.colcon_core.event_handler.log_command:Invoking command in '/home/hs-coburg.de/shi7124s/sterilink_ws/src/ros2_laser_scan_matcher/build/ros2_laser_scan_matcher': CMAKE_PREFIX_PATH=/opt/ros/humble /usr/bin/cmake /home/hs-coburg.de/shi7124s/sterilink_ws/src/ros2_laser_scan_matcher -DAMENT_CMAKE_SYMLINK_INSTALL=1 -DCMAKE_INSTALL_PREFIX=/home/hs-coburg.de/shi7124s/sterilink_ws/src/ros2_laser_scan_matcher/install/ros2_laser_scan_matcher
[1.593s] DEBUG:colcon.colcon_core.event_handler.log_command:Invoked command in '/home/hs-coburg.de/shi7124s/sterilink_ws/src/ros2_laser_scan_matcher/build/ros2_laser_scan_matcher' returned '1': CMAKE_PREFIX_PATH=/opt/ros/humble /usr/bin/cmake /home/hs-coburg.de/shi7124s/sterilink_ws/src/ros2_laser_scan_matcher -DAMENT_CMAKE_SYMLINK_INSTALL=1 -DCMAKE_INSTALL_PREFIX=/home/hs-coburg.de/shi7124s/sterilink_ws/src/ros2_laser_scan_matcher/install/ros2_laser_scan_matcher
[1.603s] Level 1:colcon.colcon_core.environment:create_environment_scripts_only(ros2_laser_scan_matcher)
[1.606s] Level 1:colcon.colcon_core.environment:checking '/home/hs-coburg.de/shi7124s/sterilink_ws/src/ros2_laser_scan_matcher/install/ros2_laser_scan_matcher' for CMake module files
[1.606s] Level 1:colcon.colcon_core.environment:checking '/home/hs-coburg.de/shi7124s/sterilink_ws/src/ros2_laser_scan_matcher/install/ros2_laser_scan_matcher' for CMake config files
[1.606s] Level 1:colcon.colcon_core.environment:checking '/home/hs-coburg.de/shi7124s/sterilink_ws/src/ros2_laser_scan_matcher/install/ros2_laser_scan_matcher/bin'
[1.607s] Level 1:colcon.colcon_core.environment:checking '/home/hs-coburg.de/shi7124s/sterilink_ws/src/ros2_laser_scan_matcher/install/ros2_laser_scan_matcher/lib/pkgconfig/ros2_laser_scan_matcher.pc'
[1.607s] Level 1:colcon.colcon_core.environment:checking '/home/hs-coburg.de/shi7124s/sterilink_ws/src/ros2_laser_scan_matcher/install/ros2_laser_scan_matcher/lib/python3.10/site-packages'
[1.608s] Level 1:colcon.colcon_core.environment:checking '/home/hs-coburg.de/shi7124s/sterilink_ws/src/ros2_laser_scan_matcher/install/ros2_laser_scan_matcher/bin'
[1.608s] INFO:colcon.colcon_core.shell:Creating package script '/home/hs-coburg.de/shi7124s/sterilink_ws/src/ros2_laser_scan_matcher/install/ros2_laser_scan_matcher/share/ros2_laser_scan_matcher/package.ps1'
[1.609s] INFO:colcon.colcon_core.shell:Creating package descriptor '/home/hs-coburg.de/shi7124s/sterilink_ws/src/ros2_laser_scan_matcher/install/ros2_laser_scan_matcher/share/ros2_laser_scan_matcher/package.dsv'
[1.610s] INFO:colcon.colcon_core.shell:Creating package script '/home/hs-coburg.de/shi7124s/sterilink_ws/src/ros2_laser_scan_matcher/install/ros2_laser_scan_matcher/share/ros2_laser_scan_matcher/package.sh'
[1.610s] INFO:colcon.colcon_core.shell:Creating package script '/home/hs-coburg.de/shi7124s/sterilink_ws/src/ros2_laser_scan_matcher/install/ros2_laser_scan_matcher/share/ros2_laser_scan_matcher/package.bash'
[1.611s] INFO:colcon.colcon_core.shell:Creating package script '/home/hs-coburg.de/shi7124s/sterilink_ws/src/ros2_laser_scan_matcher/install/ros2_laser_scan_matcher/share/ros2_laser_scan_matcher/package.zsh'
[1.611s] Level 1:colcon.colcon_core.environment:create_file_with_runtime_dependencies(/home/hs-coburg.de/shi7124s/sterilink_ws/src/ros2_laser_scan_matcher/install/ros2_laser_scan_matcher/share/colcon-core/packages/ros2_laser_scan_matcher)
[1.622s] DEBUG:colcon.colcon_parallel_executor.executor.parallel:closing loop
[1.622s] DEBUG:colcon.colcon_parallel_executor.executor.parallel:loop closed
[1.623s] DEBUG:colcon.colcon_parallel_executor.executor.parallel:run_until_complete finished with '1'
[1.623s] DEBUG:colcon.colcon_core.event_reactor:joining thread
[1.632s] INFO:colcon.colcon_core.plugin_system:Skipping extension 'colcon_notification.desktop_notification.terminal_notifier': Not used on non-Darwin systems
[1.632s] INFO:colcon.colcon_core.plugin_system:Skipping extension 'colcon_notification.desktop_notification.win32': Not used on non-Windows systems
[1.632s] INFO:colcon.colcon_notification.desktop_notification:Sending desktop notification using 'notify2'
[1.644s] DEBUG:colcon.colcon_core.event_reactor:joined thread
[1.644s] INFO:colcon.colcon_core.shell:Creating prefix script '/home/hs-coburg.de/shi7124s/sterilink_ws/src/ros2_laser_scan_matcher/install/local_setup.ps1'
[1.645s] INFO:colcon.colcon_core.shell:Creating prefix util module '/home/hs-coburg.de/shi7124s/sterilink_ws/src/ros2_laser_scan_matcher/install/_local_setup_util_ps1.py'
[1.647s] INFO:colcon.colcon_core.shell:Creating prefix chain script '/home/hs-coburg.de/shi7124s/sterilink_ws/src/ros2_laser_scan_matcher/install/setup.ps1'
[1.648s] INFO:colcon.colcon_core.shell:Creating prefix script '/home/hs-coburg.de/shi7124s/sterilink_ws/src/ros2_laser_scan_matcher/install/local_setup.sh'
[1.648s] INFO:colcon.colcon_core.shell:Creating prefix util module '/home/hs-coburg.de/shi7124s/sterilink_ws/src/ros2_laser_scan_matcher/install/_local_setup_util_sh.py'
[1.649s] INFO:colcon.colcon_core.shell:Creating prefix chain script '/home/hs-coburg.de/shi7124s/sterilink_ws/src/ros2_laser_scan_matcher/install/setup.sh'
[1.650s] INFO:colcon.colcon_core.shell:Creating prefix script '/home/hs-coburg.de/shi7124s/sterilink_ws/src/ros2_laser_scan_matcher/install/local_setup.bash'
[1.650s] INFO:colcon.colcon_core.shell:Creating prefix chain script '/home/hs-coburg.de/shi7124s/sterilink_ws/src/ros2_laser_scan_matcher/install/setup.bash'
[1.651s] INFO:colcon.colcon_core.shell:Creating prefix script '/home/hs-coburg.de/shi7124s/sterilink_ws/src/ros2_laser_scan_matcher/install/local_setup.zsh'
[1.652s] INFO:colcon.colcon_core.shell:Creating prefix chain script '/home/hs-coburg.de/shi7124s/sterilink_ws/src/ros2_laser_scan_matcher/install/setup.zsh'
